c:\users\user\downloads\wrath-of-god2-master\wrath-of-god2-master\project2\debug\vc120.pdb
c:\users\user\downloads\wrath-of-god2-master\wrath-of-god2-master\project2\debug\vc120.idb
c:\users\user\downloads\wrath-of-god2-master\wrath-of-god2-master\project2\debug\imain.obj
c:\users\user\downloads\wrath-of-god2-master-20260228t064600z-1-001\wrath-of-god2-master\project2\debug\vc120.pdb
c:\users\user\downloads\wrath-of-god2-master-20260228t064600z-1-001\wrath-of-god2-master\project2\debug\vc120.idb
c:\users\user\downloads\wrath-of-god2-master-20260228t064600z-1-001\wrath-of-god2-master\project2\debug\imain.obj
c:\users\user\downloads\wrath-of-god2-master\wrath-of-god2-master\debug\project2.ilk
c:\users\user\downloads\wrath-of-god2-master\wrath-of-god2-master\debug\project2.exe
c:\users\user\downloads\wrath-of-god2-master\wrath-of-god2-master\debug\project2.pdb
c:\users\user\downloads\wrath-of-god2-master-20260228t064600z-1-001\wrath-of-god2-master\debug\project2.ilk
c:\users\user\downloads\wrath-of-god2-master-20260228t064600z-1-001\wrath-of-god2-master\debug\project2.exe
c:\users\user\downloads\wrath-of-god2-master-20260228t064600z-1-001\wrath-of-god2-master\debug\project2.pdb
c:\users\shofina sultana\downloads\game_roza\wrath-of-god2-master\project2\debug\imain.obj
c:\users\shofina sultana\downloads\game_roza\wrath-of-god2-master\project2\debug\vc120.idb
c:\users\shofina sultana\downloads\game_roza\wrath-of-god2-master\project2\debug\vc120.pdb
c:\users\shofina sultana\downloads\game_roza\wrath-of-god2-master\debug\project2.pdb
c:\users\shofina sultana\downloads\game_roza\wrath-of-god2-master\debug\project2.exe
c:\users\shofina sultana\downloads\game_roza\wrath-of-god2-master\debug\project2.ilk
c:\users\shofina sultana\downloads\game_roza\wrath-of-god2-master\project2\debug\project2.tlog\cl.command.1.tlog
c:\users\shofina sultana\downloads\game_roza\wrath-of-god2-master\project2\debug\project2.tlog\cl.read.1.tlog
c:\users\shofina sultana\downloads\game_roza\wrath-of-god2-master\project2\debug\project2.tlog\cl.write.1.tlog
c:\users\shofina sultana\downloads\game_roza\wrath-of-god2-master\project2\debug\project2.tlog\link.command.1.tlog
c:\users\shofina sultana\downloads\game_roza\wrath-of-god2-master\project2\debug\project2.tlog\link.read.1.tlog
c:\users\shofina sultana\downloads\game_roza\wrath-of-god2-master\project2\debug\project2.tlog\link.write.1.tlog
